<?xml version="1.0" encoding="UTF-8"?>
<!-- Generated by org.testng.reporters.JUnitXMLReporter -->
<testsuite hostname="DESKTOP-U9OF67V" name="Surefire test" tests="5" failures="0" timestamp="17 Aug 2017 15:43:12 GMT" time="70.553" errors="0">
  <testcase name="@BeforeTest initiation" time="0.0" classname="org.automation.eshopper.test.TestElectronicsCategory">
    <failure type="org.openqa.selenium.WebDriverException" message="Failed to connect to binary FirefoxBinary(C:\Program Files (x86)\Mozilla Firefox\firefox.exe) on port 7055; process output follows: 

Build info: version: &amp;apos;2.53.1&amp;apos;, revision: &amp;apos;a36b8b1cd5757287168e54b817830adce9b0158d&amp;apos;, time: &amp;apos;2016-06-30 19:26:09&amp;apos;
System info: host: &amp;apos;DESKTOP-U9OF67V&amp;apos;, ip: &amp;apos;192.168.1.104&amp;apos;, os.name: &amp;apos;Windows 8.1&amp;apos;, os.arch: &amp;apos;amd64&amp;apos;, os.version: &amp;apos;6.3&amp;apos;, java.version: &amp;apos;1.8.0_45&amp;apos;
Driver info: driver.version: FirefoxDriver">
      <![CDATA[org.openqa.selenium.WebDriverException: Failed to connect to binary FirefoxBinary(C:\Program Files (x86)\Mozilla Firefox\firefox.exe) on port 7055; process output follows: 

Build info: version: '2.53.1', revision: 'a36b8b1cd5757287168e54b817830adce9b0158d', time: '2016-06-30 19:26:09'
System info: host: 'DESKTOP-U9OF67V', ip: '192.168.1.104', os.name: 'Windows 8.1', os.arch: 'amd64', os.version: '6.3', java.version: '1.8.0_45'
Driver info: driver.version: FirefoxDriver
	at org.openqa.selenium.firefox.internal.NewProfileExtensionConnection.start(NewProfileExtensionConnection.java:125)
	at org.openqa.selenium.firefox.FirefoxDriver.startClient(FirefoxDriver.java:271)
	at org.openqa.selenium.remote.RemoteWebDriver.<init>(RemoteWebDriver.java:119)
	at org.openqa.selenium.firefox.FirefoxDriver.<init>(FirefoxDriver.java:216)
	at org.openqa.selenium.firefox.FirefoxDriver.<init>(FirefoxDriver.java:211)
	at org.openqa.selenium.firefox.FirefoxDriver.<init>(FirefoxDriver.java:207)
	at org.openqa.selenium.firefox.FirefoxDriver.<init>(FirefoxDriver.java:120)
	at org.automation.selenium.browser.BrowserFactory.getABrowser(BrowserFactory.java:109)
	at org.automation.selenium.browser.BrowserFactory.getABrowser(BrowserFactory.java:32)
	at org.automation.selenium.browser.Browser.getInstance(Browser.java:47)
	at org.automation.eshopper.test.TestElectronicsCategory.initiation(TestElectronicsCategory.java:24)
Caused by: org.openqa.selenium.firefox.NotConnectedException: Unable to connect to host 127.0.0.1 on port 7055 after 45000 ms. Firefox console output:

	at org.openqa.selenium.firefox.internal.NewProfileExtensionConnection.start(NewProfileExtensionConnection.java:113)
	... 36 more
... Removed 26 stack frames]]>
    </failure>
  </testcase> <!-- @BeforeTest initiation -->
  <testcase name="@BeforeTest initiation" time="0.0" classname="org.automation.eshopper.test.TestElectronicsCategory">
    <skipped/>
  </testcase> <!-- @BeforeTest initiation -->
  <testcase name="@BeforeTest initiation" time="0.0" classname="org.automation.eshopper.test.TestElectronicsCategory">
    <skipped/>
  </testcase> <!-- @BeforeTest initiation -->
  <testcase name="@AfterTest endAllTest" time="0.0" classname="org.automation.eshopper.test.TestElectronicsCategory">
    <skipped/>
  </testcase> <!-- @AfterTest endAllTest -->
  <testcase name="@AfterTest endAllTest" time="0.0" classname="org.automation.eshopper.test.TestElectronicsCategory">
    <skipped/>
  </testcase> <!-- @AfterTest endAllTest -->
  <testcase name="@AfterTest endAllTest" time="0.0" classname="org.automation.eshopper.test.TestElectronicsCategory">
    <skipped/>
  </testcase> <!-- @AfterTest endAllTest -->
  <testcase name="verifyElectronicsCategoryNavigatesElectronicsListPage" time="0.646" classname="org.automation.eshopper.test.TestElectronicsCategory">
    <skipped/>
  </testcase> <!-- verifyElectronicsCategoryNavigatesElectronicsListPage -->
  <testcase name="verifyAccessoriesCategoryNavigatesAccessoriesListPage" time="0.005" classname="org.automation.eshopper.test.TestElectronicsCategory">
    <skipped/>
  </testcase> <!-- verifyAccessoriesCategoryNavigatesAccessoriesListPage -->
  <testcase name="verifyCalculatorsCategoryNavigateCalculatorsListPage" time="0.003" classname="org.automation.eshopper.test.TestElectronicsCategory">
    <skipped/>
  </testcase> <!-- verifyCalculatorsCategoryNavigateCalculatorsListPage -->
  <testcase name="verifyInvalidLogin" time="0.004" classname="org.automation.eshopper.test.TestLogin">
    <skipped/>
  </testcase> <!-- verifyInvalidLogin -->
  <testcase name="verifyBlankRegistration" time="0.004" classname="org.automation.eshopper.test.TestRegister">
    <skipped/>
  </testcase> <!-- verifyBlankRegistration -->
</testsuite> <!-- Surefire test -->
