<?xml version="1.0" encoding="UTF-8" standalone="yes"?>
<ns2:test-suite start="1497727973849" stop="1497728035417" version="1.4.24.RC3" xmlns:ns2="urn:model.allure.qatools.yandex.ru">
    <name>Default suite : Default test</name>
    <title>Default suite : Default test</title>
    <test-cases>
        <test-case start="1497728016860" stop="1497728023942" status="passed">
            <name>verifyBlankRegistration</name>
            <description>TEST CASE: 01 Blank registration</description>
            <steps/>
            <attachments/>
            <labels>
                <label name="testSuite" value="Default suite"/>
                <label name="testGroup" value="Default test"/>
                <label name="testClass" value="org.automation.eshopper.test.TestRegister"/>
                <label name="testMethod" value="verifyBlankRegistration"/>
                <label name="host" value="DESKTOP-28KTJ2A"/>
                <label name="thread" value="4604@DESKTOP-28KTJ2A.main(1)"/>
            </labels>
        </test-case>
        <test-case start="1497728023957" stop="1497728024072" status="broken">
            <name>verifyInvalidLogin</name>
            <description>TEST CASE: 01 Invalid login</description>
            <failure>
                <message>WebDriverException: Element is not clickable at point (244.23333740234375, 11.149993896484375). Other element would receive the click: &lt;a class="tr_delay_hover color_light tt_uppercase" href="/women"&gt;&lt;/a&gt;
Command duration or timeout: 68 milliseconds
Build info: version: '2.53.1', revision: 'a36b8b1cd5757287168e54b817830adce9b0158d', time: '2016-06-30 19:26:09'
System info: host: 'DESKTOP-28KTJ2A', ip: '192.168.118.2', os.name: 'Windows 8.1', os.arch: 'amd64', os.version: '6.3', java.version: '1.8.0_45'
Driver info: org.openqa.selenium.firefox.FirefoxDriver
Capabilities [{applicationCacheEnabled=true, rotatable=false, handlesAlerts=true, databaseEnabled=true, version=43.0.1, platform=WINDOWS, nativeEvents=false, acceptSslCerts=true, webStorageEnabled=true, locationContextEnabled=true, browserName=firefox, takesScreenshot=true, javascriptEnabled=true, cssSelectorsEnabled=true}]
Session ID: d527591d-1076-4348-b77a-3b6d878e4ad6</message>
                <stack-trace>org.openqa.selenium.WebDriverException: Element is not clickable at point (244.23333740234375, 11.149993896484375). Other element would receive the click: &lt;a class="tr_delay_hover color_light tt_uppercase" href="/women"&gt;&lt;/a&gt;
Command duration or timeout: 68 milliseconds
Build info: version: '2.53.1', revision: 'a36b8b1cd5757287168e54b817830adce9b0158d', time: '2016-06-30 19:26:09'
System info: host: 'DESKTOP-28KTJ2A', ip: '192.168.118.2', os.name: 'Windows 8.1', os.arch: 'amd64', os.version: '6.3', java.version: '1.8.0_45'
Driver info: org.openqa.selenium.firefox.FirefoxDriver
Capabilities [{applicationCacheEnabled=true, rotatable=false, handlesAlerts=true, databaseEnabled=true, version=43.0.1, platform=WINDOWS, nativeEvents=false, acceptSslCerts=true, webStorageEnabled=true, locationContextEnabled=true, browserName=firefox, takesScreenshot=true, javascriptEnabled=true, cssSelectorsEnabled=true}]
Session ID: d527591d-1076-4348-b77a-3b6d878e4ad6
	at sun.reflect.NativeConstructorAccessorImpl.newInstance0(Native Method)
	at sun.reflect.NativeConstructorAccessorImpl.newInstance(NativeConstructorAccessorImpl.java:62)
	at sun.reflect.DelegatingConstructorAccessorImpl.newInstance(DelegatingConstructorAccessorImpl.java:45)
	at java.lang.reflect.Constructor.newInstance(Constructor.java:422)
	at org.openqa.selenium.remote.ErrorHandler.createThrowable(ErrorHandler.java:206)
	at org.openqa.selenium.remote.ErrorHandler.throwIfResponseFailed(ErrorHandler.java:158)
	at org.openqa.selenium.remote.RemoteWebDriver.execute(RemoteWebDriver.java:678)
	at org.openqa.selenium.remote.RemoteWebElement.execute(RemoteWebElement.java:327)
	at org.openqa.selenium.remote.RemoteWebElement.click(RemoteWebElement.java:85)
	at sun.reflect.NativeMethodAccessorImpl.invoke0(Native Method)
	at sun.reflect.NativeMethodAccessorImpl.invoke(NativeMethodAccessorImpl.java:62)
	at sun.reflect.DelegatingMethodAccessorImpl.invoke(DelegatingMethodAccessorImpl.java:43)
	at java.lang.reflect.Method.invoke(Method.java:497)
	at org.openqa.selenium.support.pagefactory.internal.LocatingElementHandler.invoke(LocatingElementHandler.java:51)
	at com.sun.proxy.$Proxy9.click(Unknown Source)
	at org.automation.eshopper.pages.HomePage.clickLoginLink(HomePage.java:185)
	at org.automation.eshopper.test.TestLogin.verifyInvalidLogin(TestLogin.java:31)
	at sun.reflect.NativeMethodAccessorImpl.invoke0(Native Method)
	at sun.reflect.NativeMethodAccessorImpl.invoke(NativeMethodAccessorImpl.java:62)
	at sun.reflect.DelegatingMethodAccessorImpl.invoke(DelegatingMethodAccessorImpl.java:43)
	at java.lang.reflect.Method.invoke(Method.java:497)
	at org.testng.internal.MethodInvocationHelper.invokeMethod(MethodInvocationHelper.java:86)
	at org.testng.internal.Invoker.invokeMethod(Invoker.java:643)
	at org.testng.internal.Invoker.invokeTestMethod(Invoker.java:820)
	at org.testng.internal.Invoker.invokeTestMethods(Invoker.java:1128)
	at org.testng.internal.TestMethodWorker.invokeTestMethods(TestMethodWorker.java:129)
	at org.testng.internal.TestMethodWorker.run(TestMethodWorker.java:112)
	at org.testng.TestRunner.privateRun(TestRunner.java:782)
	at org.testng.TestRunner.run(TestRunner.java:632)
	at org.testng.SuiteRunner.runTest(SuiteRunner.java:366)
	at org.testng.SuiteRunner.runSequentially(SuiteRunner.java:361)
	at org.testng.SuiteRunner.privateRun(SuiteRunner.java:319)
	at org.testng.SuiteRunner.run(SuiteRunner.java:268)
	at org.testng.SuiteRunnerWorker.runSuite(SuiteRunnerWorker.java:52)
	at org.testng.SuiteRunnerWorker.run(SuiteRunnerWorker.java:86)
	at org.testng.TestNG.runSuitesSequentially(TestNG.java:1244)
	at org.testng.TestNG.runSuitesLocally(TestNG.java:1169)
	at org.testng.TestNG.run(TestNG.java:1064)
	at org.testng.remote.AbstractRemoteTestNG.run(AbstractRemoteTestNG.java:132)
	at org.testng.remote.RemoteTestNG.initAndRun(RemoteTestNG.java:236)
	at org.testng.remote.RemoteTestNG.main(RemoteTestNG.java:81)
</stack-trace>
            </failure>
            <steps/>
            <attachments/>
            <labels>
                <label name="testSuite" value="Default suite"/>
                <label name="testGroup" value="Default test"/>
                <label name="testClass" value="org.automation.eshopper.test.TestLogin"/>
                <label name="testMethod" value="verifyInvalidLogin"/>
                <label name="host" value="DESKTOP-28KTJ2A"/>
                <label name="thread" value="4604@DESKTOP-28KTJ2A.main(1)"/>
            </labels>
        </test-case>
        <test-case start="1497728024079" stop="1497728027690" status="passed">
            <name>verifyElectronicsCategoryNavigatesElectronicsListPage</name>
            <description>TEST CASE: 022 Electronics list page contains: Breadcrum:Home&gt;Electronics</description>
            <steps/>
            <attachments/>
            <labels>
                <label name="testSuite" value="Default suite"/>
                <label name="testGroup" value="Default test"/>
                <label name="testClass" value="org.automation.eshopper.test.TestElectronicsCategory"/>
                <label name="testMethod" value="verifyElectronicsCategoryNavigatesElectronicsListPage"/>
                <label name="host" value="DESKTOP-28KTJ2A"/>
                <label name="thread" value="4604@DESKTOP-28KTJ2A.main(1)"/>
            </labels>
        </test-case>
        <test-case start="1497728027694" stop="1497728030954" status="passed">
            <name>verifyAccessoriesCategoryNavigatesAccessoriesListPage</name>
            <description>TESE CASE: 025 Accessories list page contains: Breadcrum:Home &gt; Electronics &gt; Accessories</description>
            <steps/>
            <attachments/>
            <labels>
                <label name="testSuite" value="Default suite"/>
                <label name="testGroup" value="Default test"/>
                <label name="testClass" value="org.automation.eshopper.test.TestElectronicsCategory"/>
                <label name="testMethod" value="verifyAccessoriesCategoryNavigatesAccessoriesListPage"/>
                <label name="host" value="DESKTOP-28KTJ2A"/>
                <label name="thread" value="4604@DESKTOP-28KTJ2A.main(1)"/>
            </labels>
        </test-case>
        <test-case start="1497728030957" stop="1497728035349" status="failed">
            <name>verifyCalculatorsCategoryNavigateCalculatorsListPage</name>
            <description>TEST CASE: 026 calculators list page contains: Breadcrum:Home &gt; Electronics &gt; Accessories &gt; calculators</description>
            <failure>
                <message>AssertionError: expected [false] but found [true]</message>
                <stack-trace>java.lang.AssertionError: expected [false] but found [true]
	at org.testng.Assert.fail(Assert.java:94)
	at org.testng.Assert.failNotEquals(Assert.java:513)
	at org.testng.Assert.assertFalse(Assert.java:63)
	at org.testng.Assert.assertFalse(Assert.java:73)
	at org.automation.eshopper.test.TestElectronicsCategory.verifyCalculatorsCategoryNavigateCalculatorsListPage(TestElectronicsCategory.java:70)
	at sun.reflect.NativeMethodAccessorImpl.invoke0(Native Method)
	at sun.reflect.NativeMethodAccessorImpl.invoke(NativeMethodAccessorImpl.java:62)
	at sun.reflect.DelegatingMethodAccessorImpl.invoke(DelegatingMethodAccessorImpl.java:43)
	at java.lang.reflect.Method.invoke(Method.java:497)
	at org.testng.internal.MethodInvocationHelper.invokeMethod(MethodInvocationHelper.java:86)
	at org.testng.internal.Invoker.invokeMethod(Invoker.java:643)
	at org.testng.internal.Invoker.invokeTestMethod(Invoker.java:820)
	at org.testng.internal.Invoker.invokeTestMethods(Invoker.java:1128)
	at org.testng.internal.TestMethodWorker.invokeTestMethods(TestMethodWorker.java:129)
	at org.testng.internal.TestMethodWorker.run(TestMethodWorker.java:112)
	at org.testng.TestRunner.privateRun(TestRunner.java:782)
	at org.testng.TestRunner.run(TestRunner.java:632)
	at org.testng.SuiteRunner.runTest(SuiteRunner.java:366)
	at org.testng.SuiteRunner.runSequentially(SuiteRunner.java:361)
	at org.testng.SuiteRunner.privateRun(SuiteRunner.java:319)
	at org.testng.SuiteRunner.run(SuiteRunner.java:268)
	at org.testng.SuiteRunnerWorker.runSuite(SuiteRunnerWorker.java:52)
	at org.testng.SuiteRunnerWorker.run(SuiteRunnerWorker.java:86)
	at org.testng.TestNG.runSuitesSequentially(TestNG.java:1244)
	at org.testng.TestNG.runSuitesLocally(TestNG.java:1169)
	at org.testng.TestNG.run(TestNG.java:1064)
	at org.testng.remote.AbstractRemoteTestNG.run(AbstractRemoteTestNG.java:132)
	at org.testng.remote.RemoteTestNG.initAndRun(RemoteTestNG.java:236)
	at org.testng.remote.RemoteTestNG.main(RemoteTestNG.java:81)
</stack-trace>
            </failure>
            <steps/>
            <attachments/>
            <labels>
                <label name="testSuite" value="Default suite"/>
                <label name="testGroup" value="Default test"/>
                <label name="testClass" value="org.automation.eshopper.test.TestElectronicsCategory"/>
                <label name="testMethod" value="verifyCalculatorsCategoryNavigateCalculatorsListPage"/>
                <label name="host" value="DESKTOP-28KTJ2A"/>
                <label name="thread" value="4604@DESKTOP-28KTJ2A.main(1)"/>
            </labels>
        </test-case>
    </test-cases>
    <labels>
        <label name="framework" value="TestNG"/>
        <label name="language" value="JAVA"/>
    </labels>
</ns2:test-suite>
