<!DOCTYPE html PUBLIC "-//W3C//DTD XHTML 1.1//EN" "http://www.w3.org/TR/xhtml11/DTD/xhtml11.dtd">
<html xmlns="http://www.w3.org/1999/xhtml"><head><title>TestNG Report</title><style type="text/css">table {margin-bottom:10px;border-collapse:collapse;empty-cells:show}th,td {border:1px solid #009;padding:.25em .5em}th {vertical-align:bottom}td {vertical-align:top}table a {font-weight:bold}.stripe td {background-color: #E6EBF9}.num {text-align:right}.passedodd td {background-color: #3F3}.passedeven td {background-color: #0A0}.skippedodd td {background-color: #DDD}.skippedeven td {background-color: #CCC}.failedodd td,.attn {background-color: #F33}.failedeven td,.stripe .attn {background-color: #D00}.stacktrace {white-space:pre;font-family:monospace}.totop {font-size:85%;text-align:center;border-bottom:2px solid #000}</style></head><body><table><tr><th>Test</th><th># Passed</th><th># Skipped</th><th># Failed</th><th>Time (ms)</th><th>Included Groups</th><th>Excluded Groups</th></tr><tr><th colspan="7">Surefire suite</th></tr><tr><td><a href="#t0">Surefire test</a></td><td class="num">0</td><td class="num attn">5</td><td class="num">0</td><td class="num">70,553</td><td></td><td></td></tr></table><table><thead><tr><th>Class</th><th>Method</th><th>Start</th><th>Time (ms)</th></tr></thead><tbody><tr><th colspan="4">Surefire suite</th></tr></tbody><tbody id="t0"><tr><th colspan="4">Surefire test &#8212; failed (configuration methods)</th></tr><tr class="failedeven"><td rowspan="1">org.automation.eshopper.test.TestElectronicsCategory</td><td><a href="#m0">initiation</a></td><td rowspan="1">1502984521898</td><td rowspan="1">0</td></tr><tr><th colspan="4">Surefire test &#8212; skipped (configuration methods)</th></tr><tr class="skippedeven"><td rowspan="5">org.automation.eshopper.test.TestElectronicsCategory</td><td><a href="#m1">endAllTest</a></td><td rowspan="3">1502984592409</td><td rowspan="3">0</td></tr><tr class="skippedeven"><td><a href="#m2">endAllTest</a></td></tr><tr class="skippedeven"><td><a href="#m3">endAllTest</a></td></tr><tr class="skippedeven"><td><a href="#m4">initiation</a></td><td rowspan="2">1502984591465</td><td rowspan="2">0</td></tr><tr class="skippedeven"><td><a href="#m5">initiation</a></td></tr><tr><th colspan="4">Surefire test &#8212; skipped</th></tr><tr class="skippedeven"><td rowspan="3">org.automation.eshopper.test.TestElectronicsCategory</td><td><a href="#m6">verifyAccessoriesCategoryNavigatesAccessoriesListPage</a></td><td rowspan="1">1502984592380</td><td rowspan="1">5</td></tr><tr class="skippedeven"><td><a href="#m7">verifyCalculatorsCategoryNavigateCalculatorsListPage</a></td><td rowspan="1">1502984592387</td><td rowspan="1">3</td></tr><tr class="skippedeven"><td><a href="#m8">verifyElectronicsCategoryNavigatesElectronicsListPage</a></td><td rowspan="1">1502984591691</td><td rowspan="1">646</td></tr><tr class="skippedodd"><td rowspan="1">org.automation.eshopper.test.TestLogin</td><td><a href="#m9">verifyInvalidLogin</a></td><td rowspan="1">1502984592392</td><td rowspan="1">4</td></tr><tr class="skippedeven"><td rowspan="1">org.automation.eshopper.test.TestRegister</td><td><a href="#m10">verifyBlankRegistration</a></td><td rowspan="1">1502984592399</td><td rowspan="1">4</td></tr></tbody></table><h2>Surefire test</h2><h3 id="m0">org.automation.eshopper.test.TestElectronicsCategory#initiation</h3><table class="result"><tr><th>Exception</th></tr><tr><td><div class="stacktrace">org.openqa.selenium.WebDriverException: Failed to connect to binary FirefoxBinary(C:\Program Files (x86)\Mozilla Firefox\firefox.exe) on port 7055; process output follows: 

Build info: version: &apos;2.53.1&apos;, revision: &apos;a36b8b1cd5757287168e54b817830adce9b0158d&apos;, time: &apos;2016-06-30 19:26:09&apos;
System info: host: &apos;DESKTOP-U9OF67V&apos;, ip: &apos;192.168.1.104&apos;, os.name: &apos;Windows 8.1&apos;, os.arch: &apos;amd64&apos;, os.version: &apos;6.3&apos;, java.version: &apos;1.8.0_45&apos;
Driver info: driver.version: FirefoxDriver
	at org.openqa.selenium.firefox.internal.NewProfileExtensionConnection.start(NewProfileExtensionConnection.java:125)
	at org.openqa.selenium.firefox.FirefoxDriver.startClient(FirefoxDriver.java:271)
	at org.openqa.selenium.remote.RemoteWebDriver.&lt;init&gt;(RemoteWebDriver.java:119)
	at org.openqa.selenium.firefox.FirefoxDriver.&lt;init&gt;(FirefoxDriver.java:216)
	at org.openqa.selenium.firefox.FirefoxDriver.&lt;init&gt;(FirefoxDriver.java:211)
	at org.openqa.selenium.firefox.FirefoxDriver.&lt;init&gt;(FirefoxDriver.java:207)
	at org.openqa.selenium.firefox.FirefoxDriver.&lt;init&gt;(FirefoxDriver.java:120)
	at org.automation.selenium.browser.BrowserFactory.getABrowser(BrowserFactory.java:109)
	at org.automation.selenium.browser.BrowserFactory.getABrowser(BrowserFactory.java:32)
	at org.automation.selenium.browser.Browser.getInstance(Browser.java:47)
	at org.automation.eshopper.test.TestElectronicsCategory.initiation(TestElectronicsCategory.java:24)
Caused by: org.openqa.selenium.firefox.NotConnectedException: Unable to connect to host 127.0.0.1 on port 7055 after 45000 ms. Firefox console output:

	at org.openqa.selenium.firefox.internal.NewProfileExtensionConnection.start(NewProfileExtensionConnection.java:113)
	... 36 more
... Removed 26 stack frames</div></td></tr></table><p class="totop"><a href="#summary">back to summary</a></p><h3 id="m1">org.automation.eshopper.test.TestElectronicsCategory#endAllTest</h3><table class="result"></table><p class="totop"><a href="#summary">back to summary</a></p><h3 id="m2">org.automation.eshopper.test.TestElectronicsCategory#endAllTest</h3><table class="result"></table><p class="totop"><a href="#summary">back to summary</a></p><h3 id="m3">org.automation.eshopper.test.TestElectronicsCategory#endAllTest</h3><table class="result"></table><p class="totop"><a href="#summary">back to summary</a></p><h3 id="m4">org.automation.eshopper.test.TestElectronicsCategory#initiation</h3><table class="result"></table><p class="totop"><a href="#summary">back to summary</a></p><h3 id="m5">org.automation.eshopper.test.TestElectronicsCategory#initiation</h3><table class="result"></table><p class="totop"><a href="#summary">back to summary</a></p><h3 id="m6">org.automation.eshopper.test.TestElectronicsCategory#verifyAccessoriesCategoryNavigatesAccessoriesListPage</h3><table class="result"></table><p class="totop"><a href="#summary">back to summary</a></p><h3 id="m7">org.automation.eshopper.test.TestElectronicsCategory#verifyCalculatorsCategoryNavigateCalculatorsListPage</h3><table class="result"></table><p class="totop"><a href="#summary">back to summary</a></p><h3 id="m8">org.automation.eshopper.test.TestElectronicsCategory#verifyElectronicsCategoryNavigatesElectronicsListPage</h3><table class="result"></table><p class="totop"><a href="#summary">back to summary</a></p><h3 id="m9">org.automation.eshopper.test.TestLogin#verifyInvalidLogin</h3><table class="result"></table><p class="totop"><a href="#summary">back to summary</a></p><h3 id="m10">org.automation.eshopper.test.TestRegister#verifyBlankRegistration</h3><table class="result"></table><p class="totop"><a href="#summary">back to summary</a></p></body></html>