<?xml version="1.0" encoding="UTF-8"?>
<testng-results skipped="5" failed="0" total="5" passed="0">
  <reporter-output>
  </reporter-output>
  <suite name="Surefire suite" duration-ms="70553" started-at="2017-08-17T15:42:01Z" finished-at="2017-08-17T15:43:12Z">
    <groups>
    </groups>
    <test name="Surefire test" duration-ms="70553" started-at="2017-08-17T15:42:01Z" finished-at="2017-08-17T15:43:12Z">
      <class name="org.automation.eshopper.test.TestLogin">
        <test-method status="SKIP" signature="verifyInvalidLogin()[pri:0, instance:org.automation.eshopper.test.TestLogin@14ac77b9]" name="verifyInvalidLogin" duration-ms="4" started-at="2017-08-17T21:43:12Z" description="TEST CASE: 01 Invalid login" finished-at="2017-08-17T21:43:12Z">
          <reporter-output>
          </reporter-output>
        </test-method> <!-- verifyInvalidLogin -->
      </class> <!-- org.automation.eshopper.test.TestLogin -->
      <class name="org.automation.eshopper.test.TestElectronicsCategory">
        <test-method status="FAIL" signature="initiation()[pri:0, instance:org.automation.eshopper.test.TestElectronicsCategory@4038cd3a]" name="initiation" is-config="true" duration-ms="0" started-at="2017-08-17T21:42:01Z" finished-at="2017-08-17T21:42:01Z">
          <exception class="org.openqa.selenium.WebDriverException">
            <message>
              <![CDATA[Failed to connect to binary FirefoxBinary(C:\Program Files (x86)\Mozilla Firefox\firefox.exe) on port 7055; process output follows: 

Build info: version: '2.53.1', revision: 'a36b8b1cd5757287168e54b817830adce9b0158d', time: '2016-06-30 19:26:09'
System info: host: 'DESKTOP-U9OF67V', ip: '192.168.1.104', os.name: 'Windows 8.1', os.arch: 'amd64', os.version: '6.3', java.version: '1.8.0_45'
Driver info: driver.version: FirefoxDriver]]>
            </message>
            <full-stacktrace>
              <![CDATA[org.openqa.selenium.WebDriverException: Failed to connect to binary FirefoxBinary(C:\Program Files (x86)\Mozilla Firefox\firefox.exe) on port 7055; process output follows: 

Build info: version: '2.53.1', revision: 'a36b8b1cd5757287168e54b817830adce9b0158d', time: '2016-06-30 19:26:09'
System info: host: 'DESKTOP-U9OF67V', ip: '192.168.1.104', os.name: 'Windows 8.1', os.arch: 'amd64', os.version: '6.3', java.version: '1.8.0_45'
Driver info: driver.version: FirefoxDriver
	at org.openqa.selenium.firefox.internal.NewProfileExtensionConnection.start(NewProfileExtensionConnection.java:125)
	at org.openqa.selenium.firefox.FirefoxDriver.startClient(FirefoxDriver.java:271)
	at org.openqa.selenium.remote.RemoteWebDriver.<init>(RemoteWebDriver.java:119)
	at org.openqa.selenium.firefox.FirefoxDriver.<init>(FirefoxDriver.java:216)
	at org.openqa.selenium.firefox.FirefoxDriver.<init>(FirefoxDriver.java:211)
	at org.openqa.selenium.firefox.FirefoxDriver.<init>(FirefoxDriver.java:207)
	at org.openqa.selenium.firefox.FirefoxDriver.<init>(FirefoxDriver.java:120)
	at org.automation.selenium.browser.BrowserFactory.getABrowser(BrowserFactory.java:109)
	at org.automation.selenium.browser.BrowserFactory.getABrowser(BrowserFactory.java:32)
	at org.automation.selenium.browser.Browser.getInstance(Browser.java:47)
	at org.automation.eshopper.test.TestElectronicsCategory.initiation(TestElectronicsCategory.java:24)
	at sun.reflect.NativeMethodAccessorImpl.invoke0(Native Method)
	at sun.reflect.NativeMethodAccessorImpl.invoke(Unknown Source)
	at sun.reflect.DelegatingMethodAccessorImpl.invoke(Unknown Source)
	at java.lang.reflect.Method.invoke(Unknown Source)
	at org.testng.internal.MethodInvocationHelper.invokeMethod(MethodInvocationHelper.java:86)
	at org.testng.internal.Invoker.invokeConfigurationMethod(Invoker.java:514)
	at org.testng.internal.Invoker.invokeConfigurations(Invoker.java:215)
	at org.testng.internal.Invoker.invokeConfigurations(Invoker.java:142)
	at org.testng.TestRunner.beforeRun(TestRunner.java:656)
	at org.testng.TestRunner.run(TestRunner.java:624)
	at org.testng.SuiteRunner.runTest(SuiteRunner.java:366)
	at org.testng.SuiteRunner.runSequentially(SuiteRunner.java:361)
	at org.testng.SuiteRunner.privateRun(SuiteRunner.java:319)
	at org.testng.SuiteRunner.run(SuiteRunner.java:268)
	at org.testng.SuiteRunnerWorker.runSuite(SuiteRunnerWorker.java:52)
	at org.testng.SuiteRunnerWorker.run(SuiteRunnerWorker.java:86)
	at org.testng.TestNG.runSuitesSequentially(TestNG.java:1244)
	at org.testng.TestNG.runSuitesLocally(TestNG.java:1169)
	at org.testng.TestNG.run(TestNG.java:1064)
	at org.apache.maven.surefire.testng.TestNGExecutor.run(TestNGExecutor.java:132)
	at org.apache.maven.surefire.testng.TestNGDirectoryTestSuite.executeMulti(TestNGDirectoryTestSuite.java:193)
	at org.apache.maven.surefire.testng.TestNGDirectoryTestSuite.execute(TestNGDirectoryTestSuite.java:94)
	at org.apache.maven.surefire.testng.TestNGProvider.invoke(TestNGProvider.java:147)
	at org.apache.maven.surefire.booter.ForkedBooter.invokeProviderInSameClassLoader(ForkedBooter.java:290)
	at org.apache.maven.surefire.booter.ForkedBooter.runSuitesInProcess(ForkedBooter.java:242)
	at org.apache.maven.surefire.booter.ForkedBooter.main(ForkedBooter.java:121)
Caused by: org.openqa.selenium.firefox.NotConnectedException: Unable to connect to host 127.0.0.1 on port 7055 after 45000 ms. Firefox console output:

	at org.openqa.selenium.firefox.internal.NewProfileExtensionConnection.start(NewProfileExtensionConnection.java:113)
	... 36 more
]]>
            </full-stacktrace>
          </exception> <!-- org.openqa.selenium.WebDriverException -->
          <reporter-output>
          </reporter-output>
        </test-method> <!-- initiation -->
        <test-method status="SKIP" signature="initiation()[pri:0, instance:org.automation.eshopper.test.TestLogin@14ac77b9]" name="initiation" is-config="true" duration-ms="0" started-at="2017-08-17T21:43:11Z" finished-at="2017-08-17T21:43:11Z">
          <reporter-output>
          </reporter-output>
        </test-method> <!-- initiation -->
        <test-method status="SKIP" signature="initiation()[pri:0, instance:org.automation.eshopper.test.TestRegister@3f4cd155]" name="initiation" is-config="true" duration-ms="0" started-at="2017-08-17T21:43:11Z" finished-at="2017-08-17T21:43:11Z">
          <reporter-output>
          </reporter-output>
        </test-method> <!-- initiation -->
        <test-method status="SKIP" signature="verifyElectronicsCategoryNavigatesElectronicsListPage()[pri:0, instance:org.automation.eshopper.test.TestElectronicsCategory@4038cd3a]" name="verifyElectronicsCategoryNavigatesElectronicsListPage" duration-ms="646" started-at="2017-08-17T21:43:11Z" description="TEST CASE: 022 Electronics list page contains: Breadcrum:Home&gt;Electronics" finished-at="2017-08-17T21:43:12Z">
          <reporter-output>
          </reporter-output>
        </test-method> <!-- verifyElectronicsCategoryNavigatesElectronicsListPage -->
        <test-method status="SKIP" signature="verifyAccessoriesCategoryNavigatesAccessoriesListPage()[pri:1, instance:org.automation.eshopper.test.TestElectronicsCategory@4038cd3a]" name="verifyAccessoriesCategoryNavigatesAccessoriesListPage" duration-ms="5" started-at="2017-08-17T21:43:12Z" description="TESE CASE: 025 Accessories list page contains: Breadcrum:Home &gt; Electronics &gt; Accessories" finished-at="2017-08-17T21:43:12Z">
          <reporter-output>
          </reporter-output>
        </test-method> <!-- verifyAccessoriesCategoryNavigatesAccessoriesListPage -->
        <test-method status="SKIP" signature="verifyCalculatorsCategoryNavigateCalculatorsListPage()[pri:2, instance:org.automation.eshopper.test.TestElectronicsCategory@4038cd3a]" name="verifyCalculatorsCategoryNavigateCalculatorsListPage" duration-ms="3" started-at="2017-08-17T21:43:12Z" description="TEST CASE: 026 calculators list page contains: Breadcrum:Home &gt; Electronics &gt; Accessories &gt; calculators" finished-at="2017-08-17T21:43:12Z">
          <reporter-output>
          </reporter-output>
        </test-method> <!-- verifyCalculatorsCategoryNavigateCalculatorsListPage -->
        <test-method status="SKIP" signature="endAllTest()[pri:0, instance:org.automation.eshopper.test.TestElectronicsCategory@4038cd3a]" name="endAllTest" is-config="true" duration-ms="0" started-at="2017-08-17T21:43:12Z" finished-at="2017-08-17T21:43:12Z">
          <reporter-output>
          </reporter-output>
        </test-method> <!-- endAllTest -->
        <test-method status="SKIP" signature="endAllTest()[pri:0, instance:org.automation.eshopper.test.TestLogin@14ac77b9]" name="endAllTest" is-config="true" duration-ms="0" started-at="2017-08-17T21:43:12Z" finished-at="2017-08-17T21:43:12Z">
          <reporter-output>
          </reporter-output>
        </test-method> <!-- endAllTest -->
        <test-method status="SKIP" signature="endAllTest()[pri:0, instance:org.automation.eshopper.test.TestRegister@3f4cd155]" name="endAllTest" is-config="true" duration-ms="0" started-at="2017-08-17T21:43:12Z" finished-at="2017-08-17T21:43:12Z">
          <reporter-output>
          </reporter-output>
        </test-method> <!-- endAllTest -->
      </class> <!-- org.automation.eshopper.test.TestElectronicsCategory -->
      <class name="org.automation.eshopper.test.TestRegister">
        <test-method status="SKIP" signature="verifyBlankRegistration()[pri:0, instance:org.automation.eshopper.test.TestRegister@3f4cd155]" name="verifyBlankRegistration" duration-ms="4" started-at="2017-08-17T21:43:12Z" description="TEST CASE: 01 Blank registration" finished-at="2017-08-17T21:43:12Z">
          <reporter-output>
          </reporter-output>
        </test-method> <!-- verifyBlankRegistration -->
      </class> <!-- org.automation.eshopper.test.TestRegister -->
    </test> <!-- Surefire test -->
  </suite> <!-- Surefire suite -->
</testng-results>
